[1.264s] Invoking command in '/home/ali/CAXSim/src/vehicle': PYTHONPATH=/home/ali/CAXSim/build/vehicle/prefix_override:/usr/lib/python3/dist-packages/colcon_core/task/python/colcon_distutils_commands:/home/ali/CAXSim/install/vehicle/lib/python3.12/site-packages:${PYTHONPATH} /usr/bin/python3 -W ignore:setup.py install is deprecated setup.py egg_info --egg-base ../../build/vehicle build --build-base /home/ali/CAXSim/build/vehicle/build install --record /home/ali/CAXSim/build/vehicle/install.log --single-version-externally-managed install_data
[1.582s] running egg_info
[1.582s] creating ../../build/vehicle/vehicle.egg-info
[1.605s] writing ../../build/vehicle/vehicle.egg-info/PKG-INFO
[1.605s] writing dependency_links to ../../build/vehicle/vehicle.egg-info/dependency_links.txt
[1.606s] writing entry points to ../../build/vehicle/vehicle.egg-info/entry_points.txt
[1.606s] writing requirements to ../../build/vehicle/vehicle.egg-info/requires.txt
[1.606s] writing top-level names to ../../build/vehicle/vehicle.egg-info/top_level.txt
[1.606s] writing manifest file '../../build/vehicle/vehicle.egg-info/SOURCES.txt'
[1.653s] reading manifest file '../../build/vehicle/vehicle.egg-info/SOURCES.txt'
[1.655s] writing manifest file '../../build/vehicle/vehicle.egg-info/SOURCES.txt'
[1.655s] running build
[1.655s] running build_py
[1.656s] creating /home/ali/CAXSim/build/vehicle/build
[1.656s] creating /home/ali/CAXSim/build/vehicle/build/lib
[1.656s] creating /home/ali/CAXSim/build/vehicle/build/lib/vehicle
[1.656s] copying vehicle/__init__.py -> /home/ali/CAXSim/build/vehicle/build/lib/vehicle
[1.656s] running install
[1.663s] running install_lib
[1.685s] creating /home/ali/CAXSim/install/vehicle/lib/python3.12/site-packages/vehicle
[1.685s] copying /home/ali/CAXSim/build/vehicle/build/lib/vehicle/__init__.py -> /home/ali/CAXSim/install/vehicle/lib/python3.12/site-packages/vehicle
[1.686s] byte-compiling /home/ali/CAXSim/install/vehicle/lib/python3.12/site-packages/vehicle/__init__.py to __init__.cpython-312.pyc
[1.687s] running install_data
[1.687s] creating /home/ali/CAXSim/install/vehicle/share/ament_index
[1.687s] creating /home/ali/CAXSim/install/vehicle/share/ament_index/resource_index
[1.688s] creating /home/ali/CAXSim/install/vehicle/share/ament_index/resource_index/packages
[1.688s] copying resource/vehicle -> /home/ali/CAXSim/install/vehicle/share/ament_index/resource_index/packages
[1.689s] copying package.xml -> /home/ali/CAXSim/install/vehicle/share/vehicle
[1.689s] running install_egg_info
[1.714s] Copying ../../build/vehicle/vehicle.egg-info to /home/ali/CAXSim/install/vehicle/lib/python3.12/site-packages/vehicle-0.0.0-py3.12.egg-info
[1.715s] running install_scripts
[1.866s] Installing vehicle_controller script to /home/ali/CAXSim/install/vehicle/lib/vehicle
[1.866s] writing list of installed files to '/home/ali/CAXSim/build/vehicle/install.log'
[1.896s] Invoked command in '/home/ali/CAXSim/src/vehicle' returned '0': PYTHONPATH=/home/ali/CAXSim/build/vehicle/prefix_override:/usr/lib/python3/dist-packages/colcon_core/task/python/colcon_distutils_commands:/home/ali/CAXSim/install/vehicle/lib/python3.12/site-packages:${PYTHONPATH} /usr/bin/python3 -W ignore:setup.py install is deprecated setup.py egg_info --egg-base ../../build/vehicle build --build-base /home/ali/CAXSim/build/vehicle/build install --record /home/ali/CAXSim/build/vehicle/install.log --single-version-externally-managed install_data
