[1.006s] Invoking command in '/home/ali/CAXSim/src/vehicle': PYTHONPATH=/home/ali/CAXSim/build/vehicle/prefix_override:/usr/lib/python3/dist-packages/colcon_core/task/python/colcon_distutils_commands:/home/ali/CAXSim/install/vehicle/lib/python3.12/site-packages:${PYTHONPATH} WSLENV=ELECTRON_RUN_AS_NODE/w: /usr/bin/python3 -W ignore:setup.py install is deprecated setup.py egg_info --egg-base ../../build/vehicle build --build-base /home/ali/CAXSim/build/vehicle/build install --record /home/ali/CAXSim/build/vehicle/install.log --single-version-externally-managed install_data
[1.315s] running egg_info
[1.353s] writing ../../build/vehicle/vehicle.egg-info/PKG-INFO
[1.353s] writing dependency_links to ../../build/vehicle/vehicle.egg-info/dependency_links.txt
[1.353s] writing entry points to ../../build/vehicle/vehicle.egg-info/entry_points.txt
[1.353s] writing requirements to ../../build/vehicle/vehicle.egg-info/requires.txt
[1.354s] writing top-level names to ../../build/vehicle/vehicle.egg-info/top_level.txt
[1.414s] reading manifest file '../../build/vehicle/vehicle.egg-info/SOURCES.txt'
[1.416s] writing manifest file '../../build/vehicle/vehicle.egg-info/SOURCES.txt'
[1.416s] running build
[1.416s] running build_py
[1.417s] creating /home/ali/CAXSim/build/vehicle/build/lib/motion_controller
[1.417s] copying motion_controller/vehicle_controller.py -> /home/ali/CAXSim/build/vehicle/build/lib/motion_controller
[1.417s] copying motion_controller/__init__.py -> /home/ali/CAXSim/build/vehicle/build/lib/motion_controller
[1.417s] running install
[1.428s] running install_lib
[1.482s] creating /home/ali/CAXSim/install/vehicle/lib/python3.12/site-packages/motion_controller
[1.483s] copying /home/ali/CAXSim/build/vehicle/build/lib/motion_controller/vehicle_controller.py -> /home/ali/CAXSim/install/vehicle/lib/python3.12/site-packages/motion_controller
[1.483s] copying /home/ali/CAXSim/build/vehicle/build/lib/motion_controller/__init__.py -> /home/ali/CAXSim/install/vehicle/lib/python3.12/site-packages/motion_controller
[1.484s] byte-compiling /home/ali/CAXSim/install/vehicle/lib/python3.12/site-packages/motion_controller/vehicle_controller.py to vehicle_controller.cpython-312.pyc
[1.487s] byte-compiling /home/ali/CAXSim/install/vehicle/lib/python3.12/site-packages/motion_controller/__init__.py to __init__.cpython-312.pyc
[1.489s] running install_data
[1.490s] running install_egg_info
[1.518s] removing '/home/ali/CAXSim/install/vehicle/lib/python3.12/site-packages/vehicle-0.0.0-py3.12.egg-info' (and everything under it)
[1.519s] Copying ../../build/vehicle/vehicle.egg-info to /home/ali/CAXSim/install/vehicle/lib/python3.12/site-packages/vehicle-0.0.0-py3.12.egg-info
[1.521s] running install_scripts
[1.674s] Installing vehicle_controller script to /home/ali/CAXSim/install/vehicle/lib/vehicle
[1.674s] writing list of installed files to '/home/ali/CAXSim/build/vehicle/install.log'
[1.704s] Invoked command in '/home/ali/CAXSim/src/vehicle' returned '0': PYTHONPATH=/home/ali/CAXSim/build/vehicle/prefix_override:/usr/lib/python3/dist-packages/colcon_core/task/python/colcon_distutils_commands:/home/ali/CAXSim/install/vehicle/lib/python3.12/site-packages:${PYTHONPATH} WSLENV=ELECTRON_RUN_AS_NODE/w: /usr/bin/python3 -W ignore:setup.py install is deprecated setup.py egg_info --egg-base ../../build/vehicle build --build-base /home/ali/CAXSim/build/vehicle/build install --record /home/ali/CAXSim/build/vehicle/install.log --single-version-externally-managed install_data
