[0.948s] Invoking command in '/home/ali/CAXSim/src/vehicle': PYTHONPATH=/home/ali/CAXSim/build/vehicle/prefix_override:/usr/lib/python3/dist-packages/colcon_core/task/python/colcon_distutils_commands:/home/ali/CAXSim/install/vehicle/lib/python3.12/site-packages:${PYTHONPATH} WSLENV=ELECTRON_RUN_AS_NODE/w: /usr/bin/python3 -W ignore:setup.py install is deprecated setup.py egg_info --egg-base ../../build/vehicle build --build-base /home/ali/CAXSim/build/vehicle/build install --record /home/ali/CAXSim/build/vehicle/install.log --single-version-externally-managed install_data
[1.244s] running egg_info
[1.266s] writing ../../build/vehicle/vehicle.egg-info/PKG-INFO
[1.267s] writing dependency_links to ../../build/vehicle/vehicle.egg-info/dependency_links.txt
[1.267s] writing entry points to ../../build/vehicle/vehicle.egg-info/entry_points.txt
[1.267s] writing requirements to ../../build/vehicle/vehicle.egg-info/requires.txt
[1.268s] writing top-level names to ../../build/vehicle/vehicle.egg-info/top_level.txt
[1.312s] reading manifest file '../../build/vehicle/vehicle.egg-info/SOURCES.txt'
[1.314s] writing manifest file '../../build/vehicle/vehicle.egg-info/SOURCES.txt'
[1.314s] running build
[1.314s] running build_py
[1.315s] running install
[1.322s] running install_lib
[1.346s] running install_data
[1.346s] running install_egg_info
[1.370s] removing '/home/ali/CAXSim/install/vehicle/lib/python3.12/site-packages/vehicle-0.0.0-py3.12.egg-info' (and everything under it)
[1.370s] Copying ../../build/vehicle/vehicle.egg-info to /home/ali/CAXSim/install/vehicle/lib/python3.12/site-packages/vehicle-0.0.0-py3.12.egg-info
[1.372s] running install_scripts
[1.529s] Installing vehicle_controller script to /home/ali/CAXSim/install/vehicle/lib/vehicle
[1.530s] writing list of installed files to '/home/ali/CAXSim/build/vehicle/install.log'
[1.591s] Invoked command in '/home/ali/CAXSim/src/vehicle' returned '0': PYTHONPATH=/home/ali/CAXSim/build/vehicle/prefix_override:/usr/lib/python3/dist-packages/colcon_core/task/python/colcon_distutils_commands:/home/ali/CAXSim/install/vehicle/lib/python3.12/site-packages:${PYTHONPATH} WSLENV=ELECTRON_RUN_AS_NODE/w: /usr/bin/python3 -W ignore:setup.py install is deprecated setup.py egg_info --egg-base ../../build/vehicle build --build-base /home/ali/CAXSim/build/vehicle/build install --record /home/ali/CAXSim/build/vehicle/install.log --single-version-externally-managed install_data
