[1.472s] Invoking command in '/home/ali/CAXSim/src/vehicle': PYTHONPATH=/home/ali/CAXSim/src/build/vehicle/prefix_override:/usr/lib/python3/dist-packages/colcon_core/task/python/colcon_distutils_commands:/home/ali/CAXSim/src/install/vehicle/lib/python3.12/site-packages:${PYTHONPATH} /usr/bin/python3 -W ignore:setup.py install is deprecated setup.py egg_info --egg-base ../build/vehicle build --build-base /home/ali/CAXSim/src/build/vehicle/build install --record /home/ali/CAXSim/src/build/vehicle/install.log --single-version-externally-managed install_data
[1.770s] running egg_info
[1.770s] creating ../build/vehicle/vehicle.egg-info
[1.794s] writing ../build/vehicle/vehicle.egg-info/PKG-INFO
[1.794s] writing dependency_links to ../build/vehicle/vehicle.egg-info/dependency_links.txt
[1.795s] writing requirements to ../build/vehicle/vehicle.egg-info/requires.txt
[1.795s] writing top-level names to ../build/vehicle/vehicle.egg-info/top_level.txt
[1.795s] writing manifest file '../build/vehicle/vehicle.egg-info/SOURCES.txt'
[1.848s] reading manifest file '../build/vehicle/vehicle.egg-info/SOURCES.txt'
[1.848s] writing manifest file '../build/vehicle/vehicle.egg-info/SOURCES.txt'
[1.849s] running build
[1.849s] running build_py
[1.849s] creating /home/ali/CAXSim/src/build/vehicle/build
[1.850s] creating /home/ali/CAXSim/src/build/vehicle/build/lib
[1.850s] creating /home/ali/CAXSim/src/build/vehicle/build/lib/vehicle
[1.850s] copying vehicle/__init__.py -> /home/ali/CAXSim/src/build/vehicle/build/lib/vehicle
[1.850s] running install
[1.857s] running install_lib
[1.879s] creating /home/ali/CAXSim/src/install/vehicle/lib/python3.12/site-packages/vehicle
[1.879s] copying /home/ali/CAXSim/src/build/vehicle/build/lib/vehicle/__init__.py -> /home/ali/CAXSim/src/install/vehicle/lib/python3.12/site-packages/vehicle
[1.880s] byte-compiling /home/ali/CAXSim/src/install/vehicle/lib/python3.12/site-packages/vehicle/__init__.py to __init__.cpython-312.pyc
[1.880s] running install_data
[1.881s] creating /home/ali/CAXSim/src/install/vehicle/share/ament_index
[1.881s] creating /home/ali/CAXSim/src/install/vehicle/share/ament_index/resource_index
[1.881s] creating /home/ali/CAXSim/src/install/vehicle/share/ament_index/resource_index/packages
[1.881s] copying resource/vehicle -> /home/ali/CAXSim/src/install/vehicle/share/ament_index/resource_index/packages
[1.882s] copying package.xml -> /home/ali/CAXSim/src/install/vehicle/share/vehicle
[1.882s] running install_egg_info
[1.906s] Copying ../build/vehicle/vehicle.egg-info to /home/ali/CAXSim/src/install/vehicle/lib/python3.12/site-packages/vehicle-0.0.0-py3.12.egg-info
[1.907s] running install_scripts
[2.050s] writing list of installed files to '/home/ali/CAXSim/src/build/vehicle/install.log'
[2.080s] Invoked command in '/home/ali/CAXSim/src/vehicle' returned '0': PYTHONPATH=/home/ali/CAXSim/src/build/vehicle/prefix_override:/usr/lib/python3/dist-packages/colcon_core/task/python/colcon_distutils_commands:/home/ali/CAXSim/src/install/vehicle/lib/python3.12/site-packages:${PYTHONPATH} /usr/bin/python3 -W ignore:setup.py install is deprecated setup.py egg_info --egg-base ../build/vehicle build --build-base /home/ali/CAXSim/src/build/vehicle/build install --record /home/ali/CAXSim/src/build/vehicle/install.log --single-version-externally-managed install_data
